<?xml version="1.0" encoding="UTF-8"?>
<!-- Generated by org.testng.reporters.JUnitReportReporter -->
<testsuite skipped="0" hostname="LAPTOP-RRMTBEBK" name="endtoEndMobile.HibrydTest" tests="2" failures="0" timestamp="02 may 2023 08:29:26 GMT" time="57.942" errors="0">
  <testcase name="Hybirdmode" time="35.137" classname="endtoEndMobile.HibrydTest"/>
  <testcase name="Hybirdmode" time="22.805" classname="endtoEndMobile.HibrydTest"/>
</testsuite> <!-- endtoEndMobile.HibrydTest -->
