<?xml version="1.0" encoding="UTF-8"?>
<!-- Generated by org.testng.reporters.JUnitReportReporter -->
<testsuite skipped="0" hostname="LAPTOP-RRMTBEBK" name="endtoEndMobile.HibrydTest" tests="2" failures="0" timestamp="02 may 2023 14:03:09 GMT" time="60.455" errors="0">
  <testcase name="Hybirdmode" time="39.416" classname="endtoEndMobile.HibrydTest"/>
  <testcase name="Hybirdmode" time="21.039" classname="endtoEndMobile.HibrydTest"/>
</testsuite> <!-- endtoEndMobile.HibrydTest -->
